<?xml version="1.0" encoding="UTF-8"?>
<!-- Generated by org.testng.reporters.JUnitXMLReporter -->
<testsuite ignored="0" hostname="DESKTOP-JC5UOC0" failures="1" tests="4" name="Test" time="65.604" errors="0" timestamp="2025-08-18T21:25:09 IST">
  <testcase classname="assignments.Question4" name="testScreenshot" time="14.399"/>
  <testcase classname="assignments.Question2" name="testAppState" time="19.554"/>
  <testcase classname="assignments.Question3" name="dragAndDropTest" time="31.535"/>
  <testcase classname="assignments.Question1" name="getSessionID" time="0.003">
    <failure type="java.lang.NullPointerException" message="Cannot invoke &amp;quot;io.appium.java_client.android.AndroidDriver.getSessionId()&amp;quot; because &amp;quot;driver&amp;quot; is null">
      <![CDATA[java.lang.NullPointerException: Cannot invoke "io.appium.java_client.android.AndroidDriver.getSessionId()" because "driver" is null
at assignments.Question1.getSessionID(Question1.java:36)
at java.base/java.util.ArrayList.forEach(ArrayList.java:1511)
... Removed 27 stack frames]]>
    </failure>
  </testcase> <!-- getSessionID -->
</testsuite> <!-- Test -->
