<?xml version="1.0" encoding="UTF-8"?>
<testng-results ignored="0" total="1" passed="1" failed="0" skipped="0">
  <reporter-output>
  </reporter-output>
  <suite started-at="2025-08-14T22:12:36 IST" name="Default suite" finished-at="2025-08-14T22:13:10 IST" duration-ms="33623">
    <groups>
    </groups>
    <test started-at="2025-08-14T22:12:36 IST" name="Default test" finished-at="2025-08-14T22:13:10 IST" duration-ms="33623">
      <class name="tests2.TestDragGesture">
        <test-method signature="testDragGesture()[pri:0, instance:tests2.TestDragGesture@293d0107]" started-at="2025-08-14T22:12:36 IST" name="testDragGesture" finished-at="2025-08-14T22:13:10 IST" duration-ms="33499" status="PASS">
          <reporter-output>
          </reporter-output>
        </test-method> <!-- testDragGesture -->
      </class> <!-- tests2.TestDragGesture -->
    </test> <!-- Default test -->
  </suite> <!-- Default suite -->
</testng-results>
